<?xml version="1.0" encoding="UTF-8"?>
<!-- Generated by org.testng.reporters.JUnitXMLReporter -->
<testsuite ignored="0" hostname="ashish" failures="0" tests="3" name="Test" time="45.464" errors="0" timestamp="2025-08-08T20:57:02 IST">
  <testcase classname="testCases.TC_Login_001" name="testLogin" time="2.672"/>
  <testcase classname="testCases.TC_InvalidLogin_002" name="test_blank_login" time="2.151"/>
  <testcase classname="testCases.TC_LiveList_003" name="test_leave_list_search" time="20.869"/>
</testsuite> <!-- Test -->
