<?xml version="1.0" encoding="UTF-8"?>
<!-- Generated by org.testng.reporters.JUnitXMLReporter -->
<testsuite ignored="4" hostname="ashish" failures="0" tests="3" name="Test" time="50.776" errors="0" timestamp="2025-08-14T12:04:30 IST">
  <testcase classname="testCases.TC_Login_001" name="testLogin" time="4.023"/>
  <testcase classname="testCases.TC_InvalidLogin_002" name="test_blank_login" time="1.921"/>
  <testcase classname="testCases.TC_LiveList_003" name="test_leave_list_search" time="22.678"/>
  <testcase classname="testBase.BaseClass" name="@AfterSuite reportTearDown" time="0.0">
    <ignored/>
  </testcase> <!-- @AfterSuite reportTearDown -->
  <testcase classname="testBase.BaseClass" name="@AfterSuite reportTearDown" time="0.0">
    <ignored/>
  </testcase> <!-- @AfterSuite reportTearDown -->
  <testcase classname="testBase.BaseClass" name="@BeforeSuite reportSetup" time="0.0">
    <ignored/>
  </testcase> <!-- @BeforeSuite reportSetup -->
  <testcase classname="testBase.BaseClass" name="@BeforeSuite reportSetup" time="0.0">
    <ignored/>
  </testcase> <!-- @BeforeSuite reportSetup -->
</testsuite> <!-- Test -->
