<?xml version="1.0" encoding="UTF-8"?>
<testng-results ignored="0" total="3" passed="3" failed="0" skipped="0">
  <reporter-output>
  </reporter-output>
  <suite started-at="2025-08-15T12:56:28 IST" name="Suite" finished-at="2025-08-15T12:57:00 IST" duration-ms="31328">
    <groups>
      <group name="sanity">
        <method signature="TC_InvalidLogin_002.test_blank_login()[pri:0, instance:testCases.TC_InvalidLogin_002@62417a16]" name="test_blank_login" class="testCases.TC_InvalidLogin_002"/>
      </group> <!-- sanity -->
    </groups>
    <test started-at="2025-08-15T12:56:28 IST" name="Test" finished-at="2025-08-15T12:57:00 IST" duration-ms="31328">
      <class name="testCases.TC_Login_001">
        <test-method is-config="true" signature="reportSetup()[pri:0, instance:testCases.TC_Login_001@4a003cbe]" started-at="2025-08-15T12:56:28 IST" name="reportSetup" finished-at="2025-08-15T12:56:28 IST" duration-ms="267" status="PASS">
          <reporter-output>
          </reporter-output>
        </test-method> <!-- reportSetup -->
        <test-method is-config="true" signature="setup(java.lang.String)[pri:0, instance:testCases.TC_Login_001@4a003cbe]" started-at="2025-08-15T12:56:28 IST" name="setup" finished-at="2025-08-15T12:56:35 IST" duration-ms="6470" status="PASS">
          <params>
            <param index="0">
              <value>
                <![CDATA[chrome]]>
              </value>
            </param>
          </params>
          <reporter-output>
          </reporter-output>
        </test-method> <!-- setup -->
        <test-method signature="testLogin()[pri:0, instance:testCases.TC_Login_001@4a003cbe]" started-at="2025-08-15T12:56:35 IST" name="testLogin" finished-at="2025-08-15T12:56:39 IST" duration-ms="4500" status="PASS">
          <reporter-output>
          </reporter-output>
        </test-method> <!-- testLogin -->
        <test-method is-config="true" signature="tearDown()[pri:0, instance:testCases.TC_Login_001@4a003cbe]" started-at="2025-08-15T12:56:39 IST" name="tearDown" finished-at="2025-08-15T12:56:40 IST" duration-ms="465" status="PASS">
          <reporter-output>
          </reporter-output>
        </test-method> <!-- tearDown -->
        <test-method is-config="true" signature="reportTearDown()[pri:0, instance:testCases.TC_Login_001@4a003cbe]" started-at="2025-08-15T12:57:00 IST" name="reportTearDown" finished-at="2025-08-15T12:57:00 IST" duration-ms="466" status="PASS">
          <reporter-output>
          </reporter-output>
        </test-method> <!-- reportTearDown -->
      </class> <!-- testCases.TC_Login_001 -->
      <class name="testCases.TC_Blank_login__003">
        <test-method is-config="true" signature="setup(java.lang.String)[pri:0, instance:testCases.TC_Blank_login__003@32057e6]" started-at="2025-08-15T12:56:50 IST" name="setup" finished-at="2025-08-15T12:56:55 IST" duration-ms="5292" status="PASS">
          <params>
            <param index="0">
              <value>
                <![CDATA[chrome]]>
              </value>
            </param>
          </params>
          <reporter-output>
          </reporter-output>
        </test-method> <!-- setup -->
        <test-method signature="verifyInvalidLogin()[pri:0, instance:testCases.TC_Blank_login__003@32057e6]" started-at="2025-08-15T12:56:55 IST" name="verifyInvalidLogin" finished-at="2025-08-15T12:56:59 IST" duration-ms="3636" status="PASS">
          <reporter-output>
          </reporter-output>
        </test-method> <!-- verifyInvalidLogin -->
        <test-method is-config="true" signature="tearDown()[pri:0, instance:testCases.TC_Blank_login__003@32057e6]" started-at="2025-08-15T12:56:59 IST" name="tearDown" finished-at="2025-08-15T12:57:00 IST" duration-ms="458" status="PASS">
          <reporter-output>
          </reporter-output>
        </test-method> <!-- tearDown -->
      </class> <!-- testCases.TC_Blank_login__003 -->
      <class name="testCases.TC_InvalidLogin_002">
        <test-method is-config="true" signature="setup(java.lang.String)[pri:0, instance:testCases.TC_InvalidLogin_002@62417a16]" started-at="2025-08-15T12:56:40 IST" name="setup" finished-at="2025-08-15T12:56:48 IST" duration-ms="8411" status="PASS">
          <params>
            <param index="0">
              <value>
                <![CDATA[chrome]]>
              </value>
            </param>
          </params>
          <reporter-output>
          </reporter-output>
        </test-method> <!-- setup -->
        <test-method signature="test_blank_login()[pri:0, instance:testCases.TC_InvalidLogin_002@62417a16]" started-at="2025-08-15T12:56:48 IST" name="test_blank_login" finished-at="2025-08-15T12:56:50 IST" duration-ms="1685" status="PASS">
          <reporter-output>
          </reporter-output>
        </test-method> <!-- test_blank_login -->
        <test-method is-config="true" signature="tearDown()[pri:0, instance:testCases.TC_InvalidLogin_002@62417a16]" started-at="2025-08-15T12:56:50 IST" name="tearDown" finished-at="2025-08-15T12:56:50 IST" duration-ms="341" status="PASS">
          <reporter-output>
          </reporter-output>
        </test-method> <!-- tearDown -->
      </class> <!-- testCases.TC_InvalidLogin_002 -->
    </test> <!-- Test -->
  </suite> <!-- Suite -->
</testng-results>
